{"name": "test_create_new_user[Chrome]", "status": "broken", "statusDetails": {"message": "selenium.common.exceptions.TimeoutException: Message:", "trace": "self = <Tests.test_02-CreateData.Test_Create object at 0x7f8e67f30100>\n\n    @allure.severity(allure.severity_level.CRITICAL)\n    def test_create_new_user(self):\n        self.loginPage = LoginPage(self.driver)\n        self.loginPage.do_login(data.user_name, data.password)\n        self.driver.maximize_window()\n        self.create = CreateDataPage(self.driver)\n        self.create.add_new_user(data.new_user, data.new_username, data.new_email, data.new_status, data.new_bio, data.new_nickname, data.new_password)\n        allure.attach(self.driver.get_screenshot_as_png(), name=\"CreateUser\", attachment_type=AttachmentType.PNG)\n>       assert self.create.is_user_visible()\n\nTests/test_02-CreateData.py:22: \n_ _ _ _ _ _ _ _ _ _ _ _ _ _ _ _ _ _ _ _ _ _ _ _ _ _ _ _ _ _ _ _ _ _ _ _ _ _ _ _ _ _ _ _ _ _ _ _ _ _ _ _ _ _ _ _ _ _ _ _ _ _ _ _ _ _ _ _ _ _ _ _ _ _ _ _ _ _ _ _ _ _ _ _ _ \nPages/CreateDataPage.py:105: in is_user_visible\n    return self.is_visible(self.USER_CREATED)\nPages/BasePage.py:35: in is_visible\n    element = WebDriverWait(self.driver, 10).until(EC.visibility_of_element_located(by_locator))\n_ _ _ _ _ _ _ _ _ _ _ _ _ _ _ _ _ _ _ _ _ _ _ _ _ _ _ _ _ _ _ _ _ _ _ _ _ _ _ _ _ _ _ _ _ _ _ _ _ _ _ _ _ _ _ _ _ _ _ _ _ _ _ _ _ _ _ _ _ _ _ _ _ _ _ _ _ _ _ _ _ _ _ _ _ \n\nself = <selenium.webdriver.support.wait.WebDriverWait (session=\"83f0ce3acee38f10d7b5c036f0ccfb8f\")>\nmethod = <selenium.webdriver.support.expected_conditions.visibility_of_element_located object at 0x7f8e6a9d2700>, message = ''\n\n    def until(self, method, message=''):\n        \"\"\"Calls the method provided with the driver as an argument until the \\\n        return value is not False.\"\"\"\n        screen = None\n        stacktrace = None\n    \n        end_time = time.time() + self._timeout\n        while True:\n            try:\n                value = method(self._driver)\n                if value:\n                    return value\n            except self._ignored_exceptions as exc:\n                screen = getattr(exc, 'screen', None)\n                stacktrace = getattr(exc, 'stacktrace', None)\n            time.sleep(self._poll)\n            if time.time() > end_time:\n                break\n>       raise TimeoutException(message, screen, stacktrace)\nE       selenium.common.exceptions.TimeoutException: Message:\n\n/Library/Frameworks/Python.framework/Versions/3.9/lib/python3.9/site-packages/selenium/webdriver/support/wait.py:80: TimeoutException"}, "attachments": [{"name": "CreateUser", "source": "69a49978-b52d-4fd0-8f82-0180c360b523-attachment.png", "type": "image/png"}], "parameters": [{"name": "init_driver", "value": "'Chrome'"}], "start": 1618829780717, "stop": 1618829808671, "uuid": "f674ba63-3c04-4e65-85ea-e818f1aa7a69", "historyId": "8e2168438fce74d1ef37b39e37a1d672", "testCaseId": "87ea86f307775db3df1dd9b42e16ceab", "fullName": "Tests.test_02-CreateData.Test_Create#test_create_new_user", "labels": [{"name": "severity", "value": "critical"}, {"name": "tag", "value": "@pytest.mark.usefixtures('init_driver')"}, {"name": "parentSuite", "value": "Tests"}, {"name": "suite", "value": "test_02-CreateData"}, {"name": "subSuite", "value": "Test_Create"}, {"name": "host", "value": "Ishrats-MacBook-Air.local"}, {"name": "thread", "value": "4214-MainThread"}, {"name": "framework", "value": "pytest"}, {"name": "language", "value": "cpython3"}, {"name": "package", "value": "Tests.test_02-CreateData"}]}